29.7.2024, 15:52:13 - ERROR - TypeError: Cannot read properties of undefined (reading 'title')
29.7.2024, 15:52:53 - ERROR - TypeError: Cannot read properties of undefined (reading 'severity')
31.7.2024, 14:55:59 - ERROR - TypeError: Cannot read properties of undefined (reading 'length')
31.7.2024, 14:55:59 - ERROR - TypeError: Cannot read properties of undefined (reading 'length')
31.7.2024, 14:56:20 - ERROR - TypeError: Cannot read properties of undefined (reading 'length')
31.7.2024, 14:56:20 - ERROR - TypeError: Cannot read properties of undefined (reading 'length')
31.7.2024, 14:56:55 - ERROR - TypeError: Cannot read properties of undefined (reading 'length')
31.7.2024, 14:56:55 - ERROR - TypeError: Cannot read properties of undefined (reading 'length')
31.7.2024, 14:57:06 - ERROR - TypeError: Cannot read properties of undefined (reading 'length')
31.7.2024, 14:57:27 - ERROR - TypeError: Cannot read properties of undefined (reading 'length')
31.7.2024, 14:57:59 - ERROR - TypeError: Cannot read properties of undefined (reading 'length')
31.7.2024, 14:58:02 - ERROR - TypeError: Cannot read properties of undefined (reading 'length')
31.7.2024, 14:58:23 - ERROR - TypeError: Cannot read properties of undefined (reading 'length')
4.8.2024, 10:22:09 - INFO - Visited route | /
4.8.2024, 10:22:09 - INFO - Visited route | /
4.8.2024, 10:22:17 - INFO - Visited route | /:bugId
4.8.2024, 10:22:21 - INFO - Visited route | /
4.8.2024, 10:22:21 - INFO - Visited route | /
4.8.2024, 10:22:34 - INFO - Visited route | /
4.8.2024, 10:22:35 - INFO - Visited route | /
4.8.2024, 10:22:36 - INFO - Visited route | /
4.8.2024, 10:22:37 - INFO - Visited route | /
4.8.2024, 10:22:38 - INFO - Visited route | /
4.8.2024, 10:22:38 - INFO - Visited route | /
4.8.2024, 10:22:39 - INFO - Visited route | /
4.8.2024, 10:22:43 - INFO - Visited route | /
4.8.2024, 10:22:45 - INFO - Visited route | /
4.8.2024, 10:22:47 - INFO - Visited route | /
4.8.2024, 10:22:48 - INFO - Visited route | /
4.8.2024, 10:22:49 - INFO - Visited route | /
4.8.2024, 10:22:50 - INFO - Visited route | /
4.8.2024, 10:22:50 - INFO - Visited route | /
4.8.2024, 10:22:51 - INFO - Visited route | /
4.8.2024, 10:22:52 - INFO - Visited route | /
4.8.2024, 10:22:54 - INFO - Visited route | /
4.8.2024, 10:30:30 - INFO - Visited route | /
4.8.2024, 10:30:30 - INFO - Visited route | /
4.8.2024, 10:30:35 - INFO - Visited route | /
4.8.2024, 10:30:35 - ERROR - TypeError: Cannot read properties of undefined (reading 'some')
4.8.2024, 10:30:36 - INFO - Visited route | /
4.8.2024, 10:30:36 - ERROR - TypeError: Cannot read properties of undefined (reading 'some')
4.8.2024, 10:30:37 - INFO - Visited route | /
4.8.2024, 10:30:37 - ERROR - TypeError: Cannot read properties of undefined (reading 'some')
4.8.2024, 10:30:41 - INFO - Visited route | /
4.8.2024, 10:30:41 - ERROR - TypeError: Cannot read properties of undefined (reading 'some')
4.8.2024, 10:30:43 - INFO - Visited route | /
4.8.2024, 10:30:43 - INFO - Visited route | /
4.8.2024, 10:30:45 - INFO - Visited route | /
4.8.2024, 10:30:45 - ERROR - TypeError: Cannot read properties of undefined (reading 'some')
4.8.2024, 10:30:46 - INFO - Visited route | /
4.8.2024, 10:30:46 - ERROR - TypeError: Cannot read properties of undefined (reading 'some')
4.8.2024, 10:30:55 - INFO - Visited route | /
4.8.2024, 10:30:55 - INFO - Visited route | /
4.8.2024, 10:30:59 - INFO - Visited route | /
4.8.2024, 10:30:59 - ERROR - TypeError: Cannot read properties of undefined (reading 'some')
4.8.2024, 10:31:07 - ERROR - TypeError: Cannot read properties of undefined (reading 'some')
4.8.2024, 10:31:07 - INFO - Visited route | /
4.8.2024, 10:31:53 - INFO - Visited route | /
4.8.2024, 10:31:53 - ERROR - TypeError: Cannot read properties of undefined (reading 'some')
4.8.2024, 10:31:53 - INFO - Visited route | /
4.8.2024, 10:31:53 - ERROR - TypeError: Cannot read properties of undefined (reading 'some')
4.8.2024, 10:32:00 - INFO - Visited route | /
4.8.2024, 10:32:00 - INFO - Visited route | /
4.8.2024, 10:32:02 - INFO - Visited route | /
4.8.2024, 10:32:02 - ERROR - TypeError: Cannot read properties of undefined (reading 'some')
4.8.2024, 10:33:02 - INFO - Visited route | /
4.8.2024, 10:33:02 - ERROR - TypeError: Cannot read properties of undefined (reading 'some')
4.8.2024, 10:33:05 - INFO - Visited route | /
4.8.2024, 10:33:05 - ERROR - TypeError: Cannot read properties of undefined (reading 'some')
4.8.2024, 10:33:26 - INFO - Visited route | /
4.8.2024, 10:33:27 - INFO - Visited route | /
4.8.2024, 10:33:27 - INFO - Visited route | /
4.8.2024, 10:33:40 - INFO - Visited route | /
4.8.2024, 10:33:40 - INFO - Visited route | /
4.8.2024, 10:33:41 - INFO - Visited route | /
4.8.2024, 10:33:41 - INFO - Visited route | /
4.8.2024, 10:33:41 - INFO - Visited route | /
4.8.2024, 10:33:43 - INFO - Visited route | /
4.8.2024, 10:33:43 - INFO - Visited route | /
4.8.2024, 10:33:43 - INFO - Visited route | /
4.8.2024, 10:33:43 - INFO - Visited route | /
4.8.2024, 10:33:43 - INFO - Visited route | /
4.8.2024, 10:33:46 - INFO - Visited route | /
4.8.2024, 10:33:47 - INFO - Visited route | /
4.8.2024, 10:33:48 - INFO - Visited route | /
4.8.2024, 10:33:48 - INFO - Visited route | /
4.8.2024, 10:33:49 - INFO - Visited route | /
4.8.2024, 10:34:17 - INFO - Visited route | /
4.8.2024, 10:35:23 - INFO - Visited route | /
4.8.2024, 10:38:25 - INFO - Visited route | /
4.8.2024, 10:38:39 - INFO - Visited route | /
4.8.2024, 10:39:00 - INFO - Visited route | /
4.8.2024, 10:39:00 - INFO - Visited route | /
4.8.2024, 10:39:05 - INFO - Visited route | /
4.8.2024, 10:39:14 - INFO - Visited route | /
4.8.2024, 10:39:15 - INFO - Visited route | /
4.8.2024, 11:03:39 - INFO - Visited route | /
4.8.2024, 11:03:39 - INFO - Visited route | /
4.8.2024, 11:32:22 - DEBUG - auth.service - signup with username: nik, fullname: nate poky
4.8.2024, 11:32:22 - ERROR - Failed to signup TypeError: userService.getByUsername is not a function
4.8.2024, 11:33:41 - DEBUG - auth.service - signup with username: nik, fullname: nate poky
4.8.2024, 11:33:41 - DEBUG - auth.route - new account created: undefined
4.8.2024, 11:34:42 - DEBUG - auth.service - signup with username: nik, fullname: nate poky
4.8.2024, 11:34:42 - ERROR - Failed to signup Username already taken
4.8.2024, 11:35:45 - DEBUG - auth.service - signup with username: nik, fullname: nate poky
4.8.2024, 11:35:45 - ERROR - Failed to signup Username already taken
4.8.2024, 11:35:59 - DEBUG - auth.service - signup with username: nik, fullname: nate poky
4.8.2024, 11:35:59 - ERROR - Failed to signup Username already taken
4.8.2024, 11:39:39 - ERROR - Failed to Login NaN
4.8.2024, 11:39:54 - ERROR - Failed to Login NaN
4.8.2024, 11:41:15 - ERROR - Failed to Login NaN
4.8.2024, 11:41:28 - ERROR - Failed to Login NaN
4.8.2024, 11:41:43 - ERROR - Failed to Login NaN
4.8.2024, 11:41:45 - ERROR - Failed to Login NaN
4.8.2024, 11:41:45 - ERROR - Failed to Login NaN
4.8.2024, 11:42:57 - INFO - User login:  | null
4.8.2024, 11:43:37 - INFO - User login:  | null
4.8.2024, 11:43:49 - INFO - User login:  | null
4.8.2024, 11:44:18 - INFO - User login:  | null
4.8.2024, 11:44:33 - INFO - User login:  | null
4.8.2024, 11:44:54 - INFO - User login:  | {"_id":"FgW0yk","fullname":"nate poky"}
4.8.2024, 11:45:49 - INFO - User login:  | {"_id":"FgW0yk","fullname":"nate poky"}
